DLL version: 2.6.2
Friday, July 31, 2020 11:30:09   Start new logging
ModuleID[2] LevelID[10]: CMyExceptionHandler thread is running
ModuleID[2] LevelID[1]: new MxHidDeviceClass
ModuleID[2] LevelID[10]: Device Manager thread is running
ModuleID[2] LevelID[1]: Can't set m_hStopEvent before it initialized or it already stop

ModuleID[2] LevelID[10]: DeviceManager::DevChangeWnd::OnDeviceChange() - DEVICE_ARRIVAL_EVT(\\?\USB#Vid_0E0F&Pid_0001#5&21819e0a&0&1#{a5dcbf10-6530-11d2-901f-00c04fb951ed})
ModuleID[2] LevelID[10]: DeviceManager::DevChangeWnd::OnDeviceChange() - end
ModuleID[2] LevelID[10]: DeviceManager::OnMsgDeviceEvent() - DEVICE_ARRIVAL_EVT(\\?\USB#Vid_0E0F&Pid_0001#5&21819e0a&0&1#{a5dcbf10-6530-11d2-901f-00c04fb951ed})
ModuleID[2] LevelID[10]: DeviceManager::DevChangeWnd::OnDeviceChange() - DEVICE_REMOVAL_EVT(\\?\USB#Vid_0E0F&Pid_0001#5&21819e0a&0&1#{a5dcbf10-6530-11d2-901f-00c04fb951ed})
ModuleID[2] LevelID[10]: DeviceManager::DevChangeWnd::OnDeviceChange() - end
ModuleID[2] LevelID[10]: DeviceManager::OnMsgDeviceEvent() - DEVICE_REMOVAL_EVT(\\?\USB#Vid_0E0F&Pid_0001#5&21819e0a&0&1#{a5dcbf10-6530-11d2-901f-00c04fb951ed})
ModuleID[2] LevelID[10]: DeviceManager::DevChangeWnd::OnDeviceChange() - DEVICE_ARRIVAL_EVT(\\?\USB#VID_15A2&PID_0054#5&21819e0a&0&1#{a5dcbf10-6530-11d2-901f-00c04fb951ed})
ModuleID[2] LevelID[10]: DeviceManager::DevChangeWnd::OnDeviceChange() - end
ModuleID[2] LevelID[10]: DeviceManager::OnMsgDeviceEvent() - DEVICE_ARRIVAL_EVT(\\?\USB#VID_15A2&PID_0054#5&21819e0a&0&1#{a5dcbf10-6530-11d2-901f-00c04fb951ed})
ModuleID[2] LevelID[10]: DeviceClass::FindDeviceByUsbPath--DeviceListType_Current, _devices.size: 0
ModuleID[2] LevelID[1]: DeviceClass::FindDeviceByUsbPath() - DeviceListType_New--index: 0
ModuleID[2] LevelID[1]: DeviceClass::FindDeviceByUsbPath() - DeviceListType_New--devPath: \\?\hid#vid_046d&pid_c534&mi_00#8&632dadb&0&0000#{4d1e55b2-f16f-11cf-88cb-001111000030}
ModuleID[2] LevelID[1]: DeviceClass::FindDeviceByUsbPath() - DeviceListType_New--index: 1
ModuleID[2] LevelID[1]: DeviceClass::FindDeviceByUsbPath() - DeviceListType_New--devPath: \\?\hid#vid_046d&pid_c534&mi_01&col01#8&cfd4163&0&0000#{4d1e55b2-f16f-11cf-88cb-001111000030}
ModuleID[2] LevelID[1]: DeviceClass::FindDeviceByUsbPath() - DeviceListType_New--index: 2
ModuleID[2] LevelID[1]: DeviceClass::FindDeviceByUsbPath() - DeviceListType_New--devPath: \\?\hid#vid_046d&pid_c534&mi_01&col02#8&cfd4163&0&0001#{4d1e55b2-f16f-11cf-88cb-001111000030}
ModuleID[2] LevelID[1]: DeviceClass::FindDeviceByUsbPath() - DeviceListType_New--index: 3
ModuleID[2] LevelID[1]: DeviceClass::FindDeviceByUsbPath() - DeviceListType_New--devPath: \\?\hid#vid_046d&pid_c534&mi_01&col03#8&cfd4163&0&0002#{4d1e55b2-f16f-11cf-88cb-001111000030}
ModuleID[2] LevelID[1]: DeviceClass::FindDeviceByUsbPath() - DeviceListType_New--index: 4
ModuleID[2] LevelID[1]: DeviceClass::FindDeviceByUsbPath() - DeviceListType_New--devPath: \\?\hid#vid_046d&pid_c534&mi_01&col04#8&cfd4163&0&0003#{4d1e55b2-f16f-11cf-88cb-001111000030}
ModuleID[2] LevelID[1]: DeviceClass::FindDeviceByUsbPath() - DeviceListType_New--index: 5
ModuleID[2] LevelID[1]: DeviceClass::FindDeviceByUsbPath() - DeviceListType_New--devPath: \\?\hid#vid_046d&pid_c534&mi_01&col05#8&cfd4163&0&0004#{4d1e55b2-f16f-11cf-88cb-001111000030}
ModuleID[2] LevelID[1]: DeviceClass::FindDeviceByUsbPath() - DeviceListType_New--index: 6
ModuleID[2] LevelID[1]: DeviceClass::FindDeviceByUsbPath() - DeviceListType_New--devPath: \\?\hid#vid_15a2&pid_0054#6&314d826d&0&0000#{4d1e55b2-f16f-11cf-88cb-001111000030}
ModuleID[2] LevelID[10]: new MxHidDevice[03EBAD38]
ModuleID[2] LevelID[10]: DeviceClass::FindDeviceByUsbPath--DeviceListType_New, devInstPathToFind: USB\VID_15A2&PID_0054\5&21819E0A&0&1, _deviceInstanceID: USB\VID_15A2&PID_0054\5&21819E0A&0&1
ModuleID[2] LevelID[10]: DeviceClass::FindDeviceByUsbPath--DeviceListType_New, Find the device, Port: 1
ModuleID[2] LevelID[10]: DeviceClass::AddUsbDevice() successful USB#VID_15A2&PID_0054#5&21819E0A&0&1#{A5DCBF10-6530-11D2-901F-00C04FB951ED} add to current list, retrycount: 0
ModuleID[2] LevelID[10]: DeviceManager::OnMsgDeviceEvent() - DEVICE_ARRIVAL_EVT,[MxHidDeviceClass] vid_15a2&pid_0054, Hub:1-Port:1
ModuleID[2] LevelID[10]: DeviceManager::OnMsgDeviceEvent() - DEVICE_ARRIVAL_EVT, Notify
ModuleID[2] LevelID[10]: CmdOpreation[0]--OnDeviceChangeNotify, Volume Arrive/Remove or Device Arrive/Remove
ModuleID[2] LevelID[10]: CmdOpreation[0]--OnDeviceChangeNotify, m_p_usb_port is not NULL, so only refresh
ModuleID[2] LevelID[10]: CmdOpreation[0]--OnDeviceChangeNotify, Volume/Device Arrive
ModuleID[2] LevelID[1]: CmdOpreation[0]--set m_hDeviceArriveEvent.
ModuleID[2] LevelID[10]: CmdOpreation[0]--WaitforEvents device arrive1
ModuleID[2] LevelID[10]: CmdOperation[0] device chagned and reset to state 0
ModuleID[2] LevelID[10]: ExecuteCommand--Boot[WndIndex:0], File is C:\Users\Administrator\Desktop\mfgtools\Profiles\Linux\OS Firmware\firmware\u-boot.imx
ModuleID[2] LevelID[10]: ExecuteCommand--Load[WndIndex:0], File is C:\Users\Administrator\Desktop\mfgtools\Profiles\Linux\OS Firmware\firmware\zImage_mfgtool, address is 0x12000000
ModuleID[2] LevelID[10]: PortMgrDlg(0)--Command Load excute successfully, retry count: 0
ModuleID[2] LevelID[10]: ExecuteCommand--Load[WndIndex:0], File is C:\Users\Administrator\Desktop\mfgtools\Profiles\Linux\OS Firmware\firmware\fsl-image-mfgtool-initramfs-imx_mfgtools.cpio.gz.u-boot_linux, address is 0x12C00000
ModuleID[2] LevelID[10]: PortMgrDlg(0)--Command Load excute successfully, retry count: 0
ModuleID[2] LevelID[10]: ExecuteCommand--Load[WndIndex:0], File is C:\Users\Administrator\Desktop\mfgtools\Profiles\Linux\OS Firmware\firmware\imx6q-sabresd.dtb, address is 0x18000000
ModuleID[2] LevelID[10]: PortMgrDlg(0)--Command Load excute successfully, retry count: 0
ModuleID[2] LevelID[10]: ExecuteCommand--Jump[WndIndex:0]
ModuleID[2] LevelID[10]: *********MxHidDevice[03EBAD38] Jump to Ramkernel successfully!**********
ModuleID[2] LevelID[10]: CmdOperation[0], current state command has been finished and the last command is successful, so SetEvent(hDevCanDeleteEvent)
ModuleID[2] LevelID[10]: DeviceManager::DevChangeWnd::OnDeviceChange() - DEVICE_REMOVAL_EVT(\\?\USB#VID_15A2&PID_0054#5&21819e0a&0&1#{a5dcbf10-6530-11d2-901f-00c04fb951ed})
ModuleID[2] LevelID[10]: DeviceManager::DevChangeWnd::OnDeviceChange() - end
ModuleID[2] LevelID[10]: DeviceManager::OnMsgDeviceEvent() - DEVICE_REMOVAL_EVT(\\?\USB#VID_15A2&PID_0054#5&21819e0a&0&1#{a5dcbf10-6530-11d2-901f-00c04fb951ed})
ModuleID[2] LevelID[10]: DeviceClass::FindDeviceByUsbPath--DeviceListType_Current, _devices.size: 1
ModuleID[2] LevelID[10]: DeviceClass::FindDeviceByUsbPath--DeviceListType_Current, devInstPathToFind: USB\VID_15A2&PID_0054\5&21819E0A&0&1, _deviceInstanceID: USB\VID_15A2&PID_0054\5&21819E0A&0&1
ModuleID[2] LevelID[10]: DeviceClass::FindDeviceByUsbPath--DeviceListType_Current, Find the device
ModuleID[2] LevelID[10]: DeviceManager::OnMsgDeviceEvent() - DEVICE_REMOVAL_EVT,[MxHidDeviceClass] vid_15a2&pid_0054, Hub:1-Port:1
ModuleID[2] LevelID[10]: DeviceManager::OnMsgDeviceEvent() - DEVICE_REMOVAL_EVT, Notify
ModuleID[2] LevelID[10]: CmdOpreation[0]--OnDeviceChangeNotify, Volume Arrive/Remove or Device Arrive/Remove
ModuleID[2] LevelID[10]: CmdOpreation[0]--OnDeviceChangeNotify, m_p_usb_port is not NULL, so only refresh
ModuleID[2] LevelID[10]: CmdOpreation[0]--OnDeviceChangeNotify, Volume/Device Remove
ModuleID[2] LevelID[1]: CmdOpreation[0]--set m_hDeviceRemoveEvent.
ModuleID[2] LevelID[10]: CmdOpreation[0]--WaitforEvents device remove1
ModuleID[2] LevelID[10]: DeviceManager::OnMsgDeviceEvent()-DEVICE_REMOVAL_EVT, hDevCanDeleteEvent has been set
ModuleID[2] LevelID[10]: delete MxHidDevice[03EBAD38]
ModuleID[2] LevelID[10]: DeviceManager::DevChangeWnd::OnDeviceChange() - DEVICE_ARRIVAL_EVT(\\?\USB#Vid_0E0F&Pid_0001#5&21819e0a&0&1#{a5dcbf10-6530-11d2-901f-00c04fb951ed})
ModuleID[2] LevelID[10]: DeviceManager::DevChangeWnd::OnDeviceChange() - end
ModuleID[2] LevelID[10]: DeviceManager::OnMsgDeviceEvent() - DEVICE_ARRIVAL_EVT(\\?\USB#Vid_0E0F&Pid_0001#5&21819e0a&0&1#{a5dcbf10-6530-11d2-901f-00c04fb951ed})
ModuleID[2] LevelID[10]: DeviceManager::DevChangeWnd::OnDeviceChange() - DEVICE_REMOVAL_EVT(\\?\USB#Vid_0E0F&Pid_0001#5&21819e0a&0&1#{a5dcbf10-6530-11d2-901f-00c04fb951ed})
ModuleID[2] LevelID[10]: DeviceManager::DevChangeWnd::OnDeviceChange() - end
ModuleID[2] LevelID[10]: DeviceManager::OnMsgDeviceEvent() - DEVICE_REMOVAL_EVT(\\?\USB#Vid_0E0F&Pid_0001#5&21819e0a&0&1#{a5dcbf10-6530-11d2-901f-00c04fb951ed})
ModuleID[2] LevelID[10]: DeviceManager::DevChangeWnd::OnDeviceChange() - DEVICE_ARRIVAL_EVT(\\?\USB#VID_066F&PID_37FF#5&21819e0a&0&1#{a5dcbf10-6530-11d2-901f-00c04fb951ed})
ModuleID[2] LevelID[10]: DeviceManager::DevChangeWnd::OnDeviceChange() - end
ModuleID[2] LevelID[10]: DeviceManager::OnMsgDeviceEvent() - DEVICE_ARRIVAL_EVT(\\?\USB#VID_066F&PID_37FF#5&21819e0a&0&1#{a5dcbf10-6530-11d2-901f-00c04fb951ed})
ModuleID[2] LevelID[10]: DeviceManager::OnMsgDeviceEvent() - DEVICE_ARRIVAL_EVT,[Msc,DiskDeviceClass] vid_066f&pid_37ff, not handled
ModuleID[2] LevelID[10]: DeviceManager::DevChangeWnd::OnDeviceChange() - VOLUME_ARRIVAL_EVT(H)
ModuleID[2] LevelID[10]: DeviceManager::DevChangeWnd::OnDeviceChange() - end
ModuleID[2] LevelID[10]: DeviceManager::OnMsgDeviceEvent() - VOLUME_ARRIVAL_EVT(H)
ModuleID[2] LevelID[10]: VolumeDeviceClass::AddUsbDevice()  H
ModuleID[2] LevelID[10]: DeviceTypeDisk--_devices size: 1
ModuleID[2] LevelID[10]: Volume--StorageDisk, Disk->_driveNumber:1, Volume->_diskNumber:1
ModuleID[2] LevelID[10]: DeviceTypeDisk--find Disk device: 03EBAE10
ModuleID[2] LevelID[10]: Device::hubIndex::getmsc, return the port index is: 1
ModuleID[2] LevelID[10]: VolumeDeviceClass::AddUsbDevice() successful H add to current list, retrycount: 0
ModuleID[2] LevelID[10]: Device::hubIndex::getmsc, return the port index is: 1
ModuleID[2] LevelID[10]: DeviceManager::OnMsgDeviceEvent() - VOLUME_ARRIVAL_EVT-Disk(H), Hub:1-Port:1
ModuleID[2] LevelID[10]: DeviceManager::OnMsgDeviceEvent() - VOLUME_ARRIVAL_EVT, Notify
ModuleID[2] LevelID[10]: CmdOpreation[0]--OnDeviceChangeNotify, Volume Arrive/Remove or Device Arrive/Remove
ModuleID[2] LevelID[10]: CmdOpreation[0]--OnDeviceChangeNotify, m_p_usb_port is not NULL, so only refresh
ModuleID[2] LevelID[10]: CmdOpreation[0]--OnDeviceChangeNotify, Volume/Device Arrive
ModuleID[2] LevelID[1]: CmdOpreation[0]--set m_hDeviceArriveEvent.
ModuleID[2] LevelID[10]: CmdOpreation[0]--WaitforEvents device arrive1
ModuleID[2] LevelID[10]: CmdOperation[0] device chagned and reset to state 1
ModuleID[2] LevelID[10]: ExecuteCommand--Push[WndIndex:0], Body is send
ModuleID[2] LevelID[10]: ExecuteCommand--Push[WndIndex:0], Body is $ tar xf $FILE 
ModuleID[2] LevelID[10]: ExecuteCommand--Push[WndIndex:0], Body is $ sh mksdcard.sh /dev/mmcblk3
ModuleID[2] LevelID[10]: ExecuteCommand--Push[WndIndex:0], Body is $ dd if=/dev/zero of=/dev/mmcblk3 bs=1k seek=384 conv=fsync count=129
ModuleID[2] LevelID[10]: ExecuteCommand--Push[WndIndex:0], Body is $ echo 0 > /sys/block/mmcblk3boot0/force_ro
ModuleID[2] LevelID[10]: ExecuteCommand--Push[WndIndex:0], Body is send
ModuleID[2] LevelID[10]: ExecuteCommand--Push[WndIndex:0], Body is $ dd if=$FILE of=/dev/mmcblk3boot0 bs=512 seek=2
ModuleID[2] LevelID[10]: ExecuteCommand--Push[WndIndex:0], Body is $ echo 1 > /sys/block/mmcblk3boot0/force_ro
ModuleID[2] LevelID[10]: ExecuteCommand--Push[WndIndex:0], Body is $ mmc bootpart enable 1 1 /dev/mmcblk3
ModuleID[2] LevelID[10]: ExecuteCommand--Push[WndIndex:0], Body is $ while [ ! -e /dev/mmcblk3p1 ]; do sleep 1; echo "waiting..."; done 
ModuleID[2] LevelID[10]: ExecuteCommand--Push[WndIndex:0], Body is $ mkfs.vfat /dev/mmcblk3p1
ModuleID[2] LevelID[10]: ExecuteCommand--Push[WndIndex:0], Body is $ mkdir -p /mnt/mmcblk3p1
ModuleID[2] LevelID[10]: ExecuteCommand--Push[WndIndex:0], Body is $ mount -t vfat /dev/mmcblk3p1 /mnt/mmcblk3p1
ModuleID[2] LevelID[10]: ExecuteCommand--Push[WndIndex:0], Body is send
ModuleID[2] LevelID[10]: ExecuteCommand--Push[WndIndex:0], Body is $ cp $FILE /mnt/mmcblk3p1/zImage
ModuleID[2] LevelID[10]: ExecuteCommand--Push[WndIndex:0], Body is send
ModuleID[2] LevelID[10]: ExecuteCommand--Push[WndIndex:0], Body is $ cp $FILE /mnt/mmcblk3p1/topeet_7inch.dtb
ModuleID[2] LevelID[10]: ExecuteCommand--Push[WndIndex:0], Body is send
ModuleID[2] LevelID[10]: ExecuteCommand--Push[WndIndex:0], Body is $ cp $FILE /mnt/mmcblk3p1/topeet_9.7inch.dtb
ModuleID[2] LevelID[10]: ExecuteCommand--Push[WndIndex:0], Body is send
ModuleID[2] LevelID[10]: ExecuteCommand--Push[WndIndex:0], Body is $ cp $FILE /mnt/mmcblk3p1/topeet_10.1inch.dtb
ModuleID[2] LevelID[10]: ExecuteCommand--Push[WndIndex:0], Body is $ umount /mnt/mmcblk3p1
ModuleID[2] LevelID[10]: ExecuteCommand--Push[WndIndex:0], Body is $ mkfs.ext3 -F -E nodiscard /dev/mmcblk3p2
ModuleID[2] LevelID[10]: ExecuteCommand--Push[WndIndex:0], Body is $ mkdir -p /mnt/mmcblk3p2
ModuleID[2] LevelID[10]: ExecuteCommand--Push[WndIndex:0], Body is $ mount -t ext3 /dev/mmcblk3p2 /mnt/mmcblk3p2
ModuleID[2] LevelID[10]: ExecuteCommand--Push[WndIndex:0], Body is pipe tar  -zxv -C /mnt/mmcblk3p2
ModuleID[2] LevelID[10]: ExecuteCommand--Push[WndIndex:0], Body is frf
ModuleID[2] LevelID[10]: ExecuteCommand--Push[WndIndex:0], Body is $ umount /mnt/mmcblk3p2
ModuleID[2] LevelID[10]: ExecuteCommand--Push[WndIndex:0], Body is $ echo Update Complete!
ModuleID[2] LevelID[10]: CCmdOpreation[0] thread is Closed
ModuleID[2] LevelID[10]: CCmdOpreation[0] thread is Closed
ModuleID[2] LevelID[10]: DeviceManager::OnMsgDeviceEvent() - EVENT_KILL
ModuleID[2] LevelID[10]: CMyExceptionHandler::OnMsgExceptionEvent() - KillExceptionHandlerThread
ModuleID[2] LevelID[10]: Exception Handler thread is closed
ModuleID[2] LevelID[1]: delete MxHidDeviceClass
ModuleID[2] LevelID[10]: Device Manager thread is closed
